{"level":"debug","time":"2024-07-24 15:06:48","message":"启动运行模式: train"}
{"level":"debug","time":"2024-07-24 15:06:48","message":"启动运行id: 20240724-150648-244"}
{"level":"debug","time":"2024-07-24 15:06:48","message":"启动运行路径: ./EX-VSO-dir"}
{"level":"info","time":"2024-07-24 15:07:26","message":"第0代最优基因组序号: 4, 得分: 2.405213, Exp: [*./.Neg.d5.Neg.*.-.d0./.d2.d0.d4.d3.d5.d4.d6.d0.d0.d5.d2.d2 Neg.d1.Neg.+.d5.Neg.d4.Neg.*.*.d1.d1.d5.d2.d5.d2.d4.d4.d0.d6.d0]"}
{"level":"info","time":"2024-07-24 15:08:04","message":"第1代最优基因组序号: 1, 得分: 2.405213, Exp: [*./.Neg.d5.Neg.*.-.d0./.d2.d0.d4.d3.d5.d4.d6.d0.d0.d5.d2.d2 Neg.d1.Neg.+.d5.Neg.d4.Neg.*.*.d1.d1.d5.d2.d5.d2.d4.d4.d0.d6.d0]"}
{"level":"info","time":"2024-07-24 15:08:39","message":"第2代最优基因组序号: 31, 得分: 2.990005, Exp: [Neg./.d4.-./.d2.d0.d6.d1.-.d5.d0.d4.d0.d4.d2.d0.d6.d5.d4.d6 +.d6.Neg.*.-./.d2.d5./.d5.d6.d5.d5.d0.d1.d2.d4.d3.d3.d0.d2]"}
{"level":"info","time":"2024-07-24 15:09:18","message":"第3代最优基因组序号: 1, 得分: 2.990005, Exp: [Neg./.d4.-./.d2.d0.d6.d1.-.d5.d0.d4.d0.d4.d2.d0.d6.d5.d4.d6 +.d6.Neg.*.-./.d2.d5./.d5.d6.d5.d5.d0.d1.d2.d4.d3.d3.d0.d2]"}
{"level":"info","time":"2024-07-24 15:09:51","message":"第4代最优基因组序号: 1, 得分: 2.990005, Exp: [Neg./.d4.-./.d2.d0.d6.d1.-.d5.d0.d4.d0.d4.d2.d0.d6.d5.d4.d6 +.d6.Neg.*.-./.d2.d5./.d5.d6.d5.d5.d0.d1.d2.d4.d3.d3.d0.d2]"}
{"level":"info","time":"2024-07-24 15:10:26","message":"第5代最优基因组序号: 1, 得分: 2.990005, Exp: [Neg./.d4.-./.d2.d0.d6.d1.-.d5.d0.d4.d0.d4.d2.d0.d6.d5.d4.d6 +.d6.Neg.*.-./.d2.d5./.d5.d6.d5.d5.d0.d1.d2.d4.d3.d3.d0.d2]"}
{"level":"info","time":"2024-07-24 15:11:00","message":"第6代最优基因组序号: 1, 得分: 2.990005, Exp: [Neg./.d4.-./.d2.d0.d6.d1.-.d5.d0.d4.d0.d4.d2.d0.d6.d5.d4.d6 +.d6.Neg.*.-./.d2.d5./.d5.d6.d5.d5.d0.d1.d2.d4.d3.d3.d0.d2]"}
{"level":"info","time":"2024-07-24 15:11:37","message":"第7代最优基因组序号: 1, 得分: 2.990005, Exp: [Neg./.d4.-./.d2.d0.d6.d1.-.d5.d0.d4.d0.d4.d2.d0.d6.d5.d4.d6 +.d6.Neg.*.-./.d2.d5./.d5.d6.d5.d5.d0.d1.d2.d4.d3.d3.d0.d2]"}
{"level":"info","time":"2024-07-24 15:12:09","message":"第8代最优基因组序号: 1, 得分: 2.990005, Exp: [Neg./.d4.-./.d2.d0.d6.d1.-.d5.d0.d4.d0.d4.d2.d0.d6.d5.d4.d6 +.d6.Neg.*.-./.d2.d5./.d5.d6.d5.d5.d0.d1.d2.d4.d3.d3.d0.d2]"}
{"level":"info","time":"2024-07-24 15:12:42","message":"第9代最优基因组序号: 1, 得分: 2.990005, Exp: [Neg./.d4.-./.d2.d0.d6.d1.-.d5.d0.d4.d0.d4.d2.d0.d6.d5.d4.d6 +.d6.Neg.*.-./.d2.d5./.d5.d6.d5.d5.d0.d1.d2.d4.d3.d3.d0.d2]"}
{"level":"info","time":"2024-07-24 15:13:14","message":"第10代最优基因组序号: 1, 得分: 2.990005, Exp: [Neg./.d4.-./.d2.d0.d6.d1.-.d5.d0.d4.d0.d4.d2.d0.d6.d5.d4.d6 +.d6.Neg.*.-./.d2.d5./.d5.d6.d5.d5.d0.d1.d2.d4.d3.d3.d0.d2]"}
{"level":"info","time":"2024-07-24 15:13:46","message":"第11代最优基因组序号: 1, 得分: 2.990005, Exp: [Neg./.d4.-./.d2.d0.d6.d1.-.d5.d0.d4.d0.d4.d2.d0.d6.d5.d4.d6 +.d6.Neg.*.-./.d2.d5./.d5.d6.d5.d5.d0.d1.d2.d4.d3.d3.d0.d2]"}
{"level":"info","time":"2024-07-24 15:14:18","message":"第12代最优基因组序号: 1, 得分: 2.990005, Exp: [Neg./.d4.-./.d2.d0.d6.d1.-.d5.d0.d4.d0.d4.d2.d0.d6.d5.d4.d6 +.d6.Neg.*.-./.d2.d5./.d5.d6.d5.d5.d0.d1.d2.d4.d3.d3.d0.d2]"}
{"level":"info","time":"2024-07-24 15:14:52","message":"第13代最优基因组序号: 1, 得分: 2.990005, Exp: [Neg./.d4.-./.d2.d0.d6.d1.-.d5.d0.d4.d0.d4.d2.d0.d6.d5.d4.d6 +.d6.Neg.*.-./.d2.d5./.d5.d6.d5.d5.d0.d1.d2.d4.d3.d3.d0.d2]"}
{"level":"info","time":"2024-07-24 15:15:33","message":"第14代最优基因组序号: 1, 得分: 2.990005, Exp: [Neg./.d4.-./.d2.d0.d6.d1.-.d5.d0.d4.d0.d4.d2.d0.d6.d5.d4.d6 +.d6.Neg.*.-./.d2.d5./.d5.d6.d5.d5.d0.d1.d2.d4.d3.d3.d0.d2]"}
{"level":"info","time":"2024-07-24 15:16:15","message":"第15代最优基因组序号: 1, 得分: 2.990005, Exp: [Neg./.d4.-./.d2.d0.d6.d1.-.d5.d0.d4.d0.d4.d2.d0.d6.d5.d4.d6 +.d6.Neg.*.-./.d2.d5./.d5.d6.d5.d5.d0.d1.d2.d4.d3.d3.d0.d2]"}
{"level":"info","time":"2024-07-24 15:16:53","message":"第16代最优基因组序号: 1, 得分: 2.990005, Exp: [Neg./.d4.-./.d2.d0.d6.d1.-.d5.d0.d4.d0.d4.d2.d0.d6.d5.d4.d6 +.d6.Neg.*.-./.d2.d5./.d5.d6.d5.d5.d0.d1.d2.d4.d3.d3.d0.d2]"}
{"level":"info","time":"2024-07-24 15:17:26","message":"第17代最优基因组序号: 1, 得分: 2.990005, Exp: [Neg./.d4.-./.d2.d0.d6.d1.-.d5.d0.d4.d0.d4.d2.d0.d6.d5.d4.d6 +.d6.Neg.*.-./.d2.d5./.d5.d6.d5.d5.d0.d1.d2.d4.d3.d3.d0.d2]"}
{"level":"info","time":"2024-07-24 15:18:03","message":"第18代最优基因组序号: 1, 得分: 2.990005, Exp: [Neg./.d4.-./.d2.d0.d6.d1.-.d5.d0.d4.d0.d4.d2.d0.d6.d5.d4.d6 +.d6.Neg.*.-./.d2.d5./.d5.d6.d5.d5.d0.d1.d2.d4.d3.d3.d0.d2]"}
{"level":"info","time":"2024-07-24 15:18:36","message":"第19代最优基因组序号: 1, 得分: 2.990005, Exp: [Neg./.d4.-./.d2.d0.d6.d1.-.d5.d0.d4.d0.d4.d2.d0.d6.d5.d4.d6 +.d6.Neg.*.-./.d2.d5./.d5.d6.d5.d5.d0.d1.d2.d4.d3.d3.d0.d2]"}
{"level":"info","time":"2024-07-24 15:19:16","message":"第20代最优基因组序号: 1, 得分: 2.990005, Exp: [Neg./.d4.-./.d2.d0.d6.d1.-.d5.d0.d4.d0.d4.d2.d0.d6.d5.d4.d6 +.d6.Neg.*.-./.d2.d5./.d5.d6.d5.d5.d0.d1.d2.d4.d3.d3.d0.d2]"}
{"level":"info","time":"2024-07-24 15:19:56","message":"第21代最优基因组序号: 1, 得分: 2.990005, Exp: [Neg./.d4.-./.d2.d0.d6.d1.-.d5.d0.d4.d0.d4.d2.d0.d6.d5.d4.d6 +.d6.Neg.*.-./.d2.d5./.d5.d6.d5.d5.d0.d1.d2.d4.d3.d3.d0.d2]"}
{"level":"info","time":"2024-07-24 15:20:36","message":"第22代最优基因组序号: 1, 得分: 2.990005, Exp: [Neg./.d4.-./.d2.d0.d6.d1.-.d5.d0.d4.d0.d4.d2.d0.d6.d5.d4.d6 +.d6.Neg.*.-./.d2.d5./.d5.d6.d5.d5.d0.d1.d2.d4.d3.d3.d0.d2]"}
{"level":"info","time":"2024-07-24 15:21:13","message":"第23代最优基因组序号: 1, 得分: 2.990005, Exp: [Neg./.d4.-./.d2.d0.d6.d1.-.d5.d0.d4.d0.d4.d2.d0.d6.d5.d4.d6 +.d6.Neg.*.-./.d2.d5./.d5.d6.d5.d5.d0.d1.d2.d4.d3.d3.d0.d2]"}
{"level":"info","time":"2024-07-24 15:21:49","message":"第24代最优基因组序号: 1, 得分: 2.990005, Exp: [Neg./.d4.-./.d2.d0.d6.d1.-.d5.d0.d4.d0.d4.d2.d0.d6.d5.d4.d6 +.d6.Neg.*.-./.d2.d5./.d5.d6.d5.d5.d0.d1.d2.d4.d3.d3.d0.d2]"}
{"level":"info","time":"2024-07-24 15:22:31","message":"第25代最优基因组序号: 1, 得分: 2.990005, Exp: [Neg./.d4.-./.d2.d0.d6.d1.-.d5.d0.d4.d0.d4.d2.d0.d6.d5.d4.d6 +.d6.Neg.*.-./.d2.d5./.d5.d6.d5.d5.d0.d1.d2.d4.d3.d3.d0.d2]"}
{"level":"info","time":"2024-07-24 15:23:08","message":"第26代最优基因组序号: 1, 得分: 2.990005, Exp: [Neg./.d4.-./.d2.d0.d6.d1.-.d5.d0.d4.d0.d4.d2.d0.d6.d5.d4.d6 +.d6.Neg.*.-./.d2.d5./.d5.d6.d5.d5.d0.d1.d2.d4.d3.d3.d0.d2]"}
{"level":"info","time":"2024-07-24 15:23:46","message":"第27代最优基因组序号: 1, 得分: 2.990005, Exp: [Neg./.d4.-./.d2.d0.d6.d1.-.d5.d0.d4.d0.d4.d2.d0.d6.d5.d4.d6 +.d6.Neg.*.-./.d2.d5./.d5.d6.d5.d5.d0.d1.d2.d4.d3.d3.d0.d2]"}
{"level":"info","time":"2024-07-24 15:24:24","message":"第28代最优基因组序号: 1, 得分: 2.990005, Exp: [Neg./.d4.-./.d2.d0.d6.d1.-.d5.d0.d4.d0.d4.d2.d0.d6.d5.d4.d6 +.d6.Neg.*.-./.d2.d5./.d5.d6.d5.d5.d0.d1.d2.d4.d3.d3.d0.d2]"}
{"level":"info","time":"2024-07-24 15:25:03","message":"第29代最优基因组序号: 1, 得分: 2.990005, Exp: [Neg./.d4.-./.d2.d0.d6.d1.-.d5.d0.d4.d0.d4.d2.d0.d6.d5.d4.d6 +.d6.Neg.*.-./.d2.d5./.d5.d6.d5.d5.d0.d1.d2.d4.d3.d3.d0.d2]"}
{"level":"info","time":"2024-07-24 15:25:38","message":"第30代最优基因组序号: 1, 得分: 2.990005, Exp: [Neg./.d4.-./.d2.d0.d6.d1.-.d5.d0.d4.d0.d4.d2.d0.d6.d5.d4.d6 +.d6.Neg.*.-./.d2.d5./.d5.d6.d5.d5.d0.d1.d2.d4.d3.d3.d0.d2]"}
{"level":"info","time":"2024-07-24 15:26:14","message":"第31代最优基因组序号: 1, 得分: 2.990005, Exp: [Neg./.d4.-./.d2.d0.d6.d1.-.d5.d0.d4.d0.d4.d2.d0.d6.d5.d4.d6 +.d6.Neg.*.-./.d2.d5./.d5.d6.d5.d5.d0.d1.d2.d4.d3.d3.d0.d2]"}
{"level":"info","time":"2024-07-24 15:26:55","message":"第32代最优基因组序号: 1, 得分: 2.990005, Exp: [Neg./.d4.-./.d2.d0.d6.d1.-.d5.d0.d4.d0.d4.d2.d0.d6.d5.d4.d6 +.d6.Neg.*.-./.d2.d5./.d5.d6.d5.d5.d0.d1.d2.d4.d3.d3.d0.d2]"}
{"level":"info","time":"2024-07-24 15:27:34","message":"第33代最优基因组序号: 1, 得分: 2.990005, Exp: [Neg./.d4.-./.d2.d0.d6.d1.-.d5.d0.d4.d0.d4.d2.d0.d6.d5.d4.d6 +.d6.Neg.*.-./.d2.d5./.d5.d6.d5.d5.d0.d1.d2.d4.d3.d3.d0.d2]"}
{"level":"info","time":"2024-07-24 15:28:13","message":"第34代最优基因组序号: 26, 得分: 3.146225, Exp: [-.-.Neg.*.-./.d2.d5./.d5.d6.d5.d5.d0.d1.d2.d4.d3.d3.d0.d2 +.-.d4./.d2.-.d3./.d4.d6.d5.d0.d4.d0.d0.d3.d5.d5.d5.d4.d6]"}
{"level":"info","time":"2024-07-24 15:28:48","message":"第35代最优基因组序号: 1, 得分: 3.146225, Exp: [-.-.Neg.*.-./.d2.d5./.d5.d6.d5.d5.d0.d1.d2.d4.d3.d3.d0.d2 +.-.d4./.d2.-.d3./.d4.d6.d5.d0.d4.d0.d0.d3.d5.d5.d5.d4.d6]"}
{"level":"info","time":"2024-07-24 15:29:25","message":"第36代最优基因组序号: 1, 得分: 3.146225, Exp: [-.-.Neg.*.-./.d2.d5./.d5.d6.d5.d5.d0.d1.d2.d4.d3.d3.d0.d2 +.-.d4./.d2.-.d3./.d4.d6.d5.d0.d4.d0.d0.d3.d5.d5.d5.d4.d6]"}
{"level":"info","time":"2024-07-24 15:30:00","message":"第37代最优基因组序号: 1, 得分: 3.146225, Exp: [-.-.Neg.*.-./.d2.d5./.d5.d6.d5.d5.d0.d1.d2.d4.d3.d3.d0.d2 +.-.d4./.d2.-.d3./.d4.d6.d5.d0.d4.d0.d0.d3.d5.d5.d5.d4.d6]"}
{"level":"info","time":"2024-07-24 15:30:37","message":"第38代最优基因组序号: 1, 得分: 3.146225, Exp: [-.-.Neg.*.-./.d2.d5./.d5.d6.d5.d5.d0.d1.d2.d4.d3.d3.d0.d2 +.-.d4./.d2.-.d3./.d4.d6.d5.d0.d4.d0.d0.d3.d5.d5.d5.d4.d6]"}
{"level":"info","time":"2024-07-24 15:31:12","message":"第39代最优基因组序号: 1, 得分: 3.146225, Exp: [-.-.Neg.*.-./.d2.d5./.d5.d6.d5.d5.d0.d1.d2.d4.d3.d3.d0.d2 +.-.d4./.d2.-.d3./.d4.d6.d5.d0.d4.d0.d0.d3.d5.d5.d5.d4.d6]"}
{"level":"info","time":"2024-07-24 15:31:53","message":"第40代最优基因组序号: 1, 得分: 3.146225, Exp: [-.-.Neg.*.-./.d2.d5./.d5.d6.d5.d5.d0.d1.d2.d4.d3.d3.d0.d2 +.-.d4./.d2.-.d3./.d4.d6.d5.d0.d4.d0.d0.d3.d5.d5.d5.d4.d6]"}
{"level":"info","time":"2024-07-24 15:32:27","message":"第41代最优基因组序号: 1, 得分: 3.146225, Exp: [-.-.Neg.*.-./.d2.d5./.d5.d6.d5.d5.d0.d1.d2.d4.d3.d3.d0.d2 +.-.d4./.d2.-.d3./.d4.d6.d5.d0.d4.d0.d0.d3.d5.d5.d5.d4.d6]"}
{"level":"info","time":"2024-07-24 15:33:03","message":"第42代最优基因组序号: 1, 得分: 3.146225, Exp: [-.-.Neg.*.-./.d2.d5./.d5.d6.d5.d5.d0.d1.d2.d4.d3.d3.d0.d2 +.-.d4./.d2.-.d3./.d4.d6.d5.d0.d4.d0.d0.d3.d5.d5.d5.d4.d6]"}
{"level":"info","time":"2024-07-24 15:33:38","message":"第43代最优基因组序号: 1, 得分: 3.146225, Exp: [-.-.Neg.*.-./.d2.d5./.d5.d6.d5.d5.d0.d1.d2.d4.d3.d3.d0.d2 +.-.d4./.d2.-.d3./.d4.d6.d5.d0.d4.d0.d0.d3.d5.d5.d5.d4.d6]"}
{"level":"info","time":"2024-07-24 15:34:13","message":"第44代最优基因组序号: 1, 得分: 3.146225, Exp: [-.-.Neg.*.-./.d2.d5./.d5.d6.d5.d5.d0.d1.d2.d4.d3.d3.d0.d2 +.-.d4./.d2.-.d3./.d4.d6.d5.d0.d4.d0.d0.d3.d5.d5.d5.d4.d6]"}
{"level":"info","time":"2024-07-24 15:34:55","message":"第45代最优基因组序号: 1, 得分: 3.146225, Exp: [-.-.Neg.*.-./.d2.d5./.d5.d6.d5.d5.d0.d1.d2.d4.d3.d3.d0.d2 +.-.d4./.d2.-.d3./.d4.d6.d5.d0.d4.d0.d0.d3.d5.d5.d5.d4.d6]"}
{"level":"info","time":"2024-07-24 15:35:34","message":"第46代最优基因组序号: 1, 得分: 3.146225, Exp: [-.-.Neg.*.-./.d2.d5./.d5.d6.d5.d5.d0.d1.d2.d4.d3.d3.d0.d2 +.-.d4./.d2.-.d3./.d4.d6.d5.d0.d4.d0.d0.d3.d5.d5.d5.d4.d6]"}
{"level":"info","time":"2024-07-24 15:36:16","message":"第47代最优基因组序号: 1, 得分: 3.146225, Exp: [-.-.Neg.*.-./.d2.d5./.d5.d6.d5.d5.d0.d1.d2.d4.d3.d3.d0.d2 +.-.d4./.d2.-.d3./.d4.d6.d5.d0.d4.d0.d0.d3.d5.d5.d5.d4.d6]"}
{"level":"info","time":"2024-07-24 15:36:57","message":"第48代最优基因组序号: 1, 得分: 3.146225, Exp: [-.-.Neg.*.-./.d2.d5./.d5.d6.d5.d5.d0.d1.d2.d4.d3.d3.d0.d2 +.-.d4./.d2.-.d3./.d4.d6.d5.d0.d4.d0.d0.d3.d5.d5.d5.d4.d6]"}
{"level":"info","time":"2024-07-24 15:37:43","message":"第49代最优基因组序号: 1, 得分: 3.146225, Exp: [-.-.Neg.*.-./.d2.d5./.d5.d6.d5.d5.d0.d1.d2.d4.d3.d3.d0.d2 +.-.d4./.d2.-.d3./.d4.d6.d5.d0.d4.d0.d0.d3.d5.d5.d5.d4.d6]"}
{"level":"info","time":"2024-07-24 15:38:19","message":"第50代最优基因组序号: 1, 得分: 3.146225, Exp: [-.-.Neg.*.-./.d2.d5./.d5.d6.d5.d5.d0.d1.d2.d4.d3.d3.d0.d2 +.-.d4./.d2.-.d3./.d4.d6.d5.d0.d4.d0.d0.d3.d5.d5.d5.d4.d6]"}
{"level":"info","time":"2024-07-24 15:38:55","message":"第51代最优基因组序号: 1, 得分: 3.146225, Exp: [-.-.Neg.*.-./.d2.d5./.d5.d6.d5.d5.d0.d1.d2.d4.d3.d3.d0.d2 +.-.d4./.d2.-.d3./.d4.d6.d5.d0.d4.d0.d0.d3.d5.d5.d5.d4.d6]"}
{"level":"info","time":"2024-07-24 15:39:34","message":"第52代最优基因组序号: 1, 得分: 3.146225, Exp: [-.-.Neg.*.-./.d2.d5./.d5.d6.d5.d5.d0.d1.d2.d4.d3.d3.d0.d2 +.-.d4./.d2.-.d3./.d4.d6.d5.d0.d4.d0.d0.d3.d5.d5.d5.d4.d6]"}
{"level":"info","time":"2024-07-24 15:40:12","message":"第53代最优基因组序号: 1, 得分: 3.146225, Exp: [-.-.Neg.*.-./.d2.d5./.d5.d6.d5.d5.d0.d1.d2.d4.d3.d3.d0.d2 +.-.d4./.d2.-.d3./.d4.d6.d5.d0.d4.d0.d0.d3.d5.d5.d5.d4.d6]"}
{"level":"info","time":"2024-07-24 15:40:48","message":"第54代最优基因组序号: 1, 得分: 3.146225, Exp: [-.-.Neg.*.-./.d2.d5./.d5.d6.d5.d5.d0.d1.d2.d4.d3.d3.d0.d2 +.-.d4./.d2.-.d3./.d4.d6.d5.d0.d4.d0.d0.d3.d5.d5.d5.d4.d6]"}
{"level":"info","time":"2024-07-24 15:41:23","message":"第55代最优基因组序号: 1, 得分: 3.146225, Exp: [-.-.Neg.*.-./.d2.d5./.d5.d6.d5.d5.d0.d1.d2.d4.d3.d3.d0.d2 +.-.d4./.d2.-.d3./.d4.d6.d5.d0.d4.d0.d0.d3.d5.d5.d5.d4.d6]"}
{"level":"info","time":"2024-07-24 15:42:04","message":"第56代最优基因组序号: 1, 得分: 3.146225, Exp: [-.-.Neg.*.-./.d2.d5./.d5.d6.d5.d5.d0.d1.d2.d4.d3.d3.d0.d2 +.-.d4./.d2.-.d3./.d4.d6.d5.d0.d4.d0.d0.d3.d5.d5.d5.d4.d6]"}
{"level":"info","time":"2024-07-24 15:42:43","message":"第57代最优基因组序号: 1, 得分: 3.146225, Exp: [-.-.Neg.*.-./.d2.d5./.d5.d6.d5.d5.d0.d1.d2.d4.d3.d3.d0.d2 +.-.d4./.d2.-.d3./.d4.d6.d5.d0.d4.d0.d0.d3.d5.d5.d5.d4.d6]"}
{"level":"info","time":"2024-07-24 15:43:21","message":"第58代最优基因组序号: 1, 得分: 3.146225, Exp: [-.-.Neg.*.-./.d2.d5./.d5.d6.d5.d5.d0.d1.d2.d4.d3.d3.d0.d2 +.-.d4./.d2.-.d3./.d4.d6.d5.d0.d4.d0.d0.d3.d5.d5.d5.d4.d6]"}
{"level":"info","time":"2024-07-24 15:43:57","message":"第59代最优基因组序号: 1, 得分: 3.146225, Exp: [-.-.Neg.*.-./.d2.d5./.d5.d6.d5.d5.d0.d1.d2.d4.d3.d3.d0.d2 +.-.d4./.d2.-.d3./.d4.d6.d5.d0.d4.d0.d0.d3.d5.d5.d5.d4.d6]"}
{"level":"info","time":"2024-07-24 15:44:33","message":"第60代最优基因组序号: 1, 得分: 3.146225, Exp: [-.-.Neg.*.-./.d2.d5./.d5.d6.d5.d5.d0.d1.d2.d4.d3.d3.d0.d2 +.-.d4./.d2.-.d3./.d4.d6.d5.d0.d4.d0.d0.d3.d5.d5.d5.d4.d6]"}
{"level":"info","time":"2024-07-24 15:45:12","message":"第61代最优基因组序号: 1, 得分: 3.146225, Exp: [-.-.Neg.*.-./.d2.d5./.d5.d6.d5.d5.d0.d1.d2.d4.d3.d3.d0.d2 +.-.d4./.d2.-.d3./.d4.d6.d5.d0.d4.d0.d0.d3.d5.d5.d5.d4.d6]"}
{"level":"info","time":"2024-07-24 15:45:48","message":"第62代最优基因组序号: 1, 得分: 3.146225, Exp: [-.-.Neg.*.-./.d2.d5./.d5.d6.d5.d5.d0.d1.d2.d4.d3.d3.d0.d2 +.-.d4./.d2.-.d3./.d4.d6.d5.d0.d4.d0.d0.d3.d5.d5.d5.d4.d6]"}
{"level":"info","time":"2024-07-24 15:46:24","message":"第63代最优基因组序号: 1, 得分: 3.146225, Exp: [-.-.Neg.*.-./.d2.d5./.d5.d6.d5.d5.d0.d1.d2.d4.d3.d3.d0.d2 +.-.d4./.d2.-.d3./.d4.d6.d5.d0.d4.d0.d0.d3.d5.d5.d5.d4.d6]"}
{"level":"info","time":"2024-07-24 15:47:03","message":"第64代最优基因组序号: 1, 得分: 3.146225, Exp: [-.-.Neg.*.-./.d2.d5./.d5.d6.d5.d5.d0.d1.d2.d4.d3.d3.d0.d2 +.-.d4./.d2.-.d3./.d4.d6.d5.d0.d4.d0.d0.d3.d5.d5.d5.d4.d6]"}
{"level":"info","time":"2024-07-24 15:47:50","message":"第65代最优基因组序号: 1, 得分: 3.146225, Exp: [-.-.Neg.*.-./.d2.d5./.d5.d6.d5.d5.d0.d1.d2.d4.d3.d3.d0.d2 +.-.d4./.d2.-.d3./.d4.d6.d5.d0.d4.d0.d0.d3.d5.d5.d5.d4.d6]"}
{"level":"info","time":"2024-07-24 15:48:29","message":"第66代最优基因组序号: 1, 得分: 3.146225, Exp: [-.-.Neg.*.-./.d2.d5./.d5.d6.d5.d5.d0.d1.d2.d4.d3.d3.d0.d2 +.-.d4./.d2.-.d3./.d4.d6.d5.d0.d4.d0.d0.d3.d5.d5.d5.d4.d6]"}
{"level":"info","time":"2024-07-24 15:49:06","message":"第67代最优基因组序号: 1, 得分: 3.146225, Exp: [-.-.Neg.*.-./.d2.d5./.d5.d6.d5.d5.d0.d1.d2.d4.d3.d3.d0.d2 +.-.d4./.d2.-.d3./.d4.d6.d5.d0.d4.d0.d0.d3.d5.d5.d5.d4.d6]"}
{"level":"info","time":"2024-07-24 15:49:51","message":"第68代最优基因组序号: 1, 得分: 3.146225, Exp: [-.-.Neg.*.-./.d2.d5./.d5.d6.d5.d5.d0.d1.d2.d4.d3.d3.d0.d2 +.-.d4./.d2.-.d3./.d4.d6.d5.d0.d4.d0.d0.d3.d5.d5.d5.d4.d6]"}
{"level":"info","time":"2024-07-24 15:50:29","message":"第69代最优基因组序号: 1, 得分: 3.146225, Exp: [-.-.Neg.*.-./.d2.d5./.d5.d6.d5.d5.d0.d1.d2.d4.d3.d3.d0.d2 +.-.d4./.d2.-.d3./.d4.d6.d5.d0.d4.d0.d0.d3.d5.d5.d5.d4.d6]"}
{"level":"info","time":"2024-07-24 15:51:08","message":"第70代最优基因组序号: 1, 得分: 3.146225, Exp: [-.-.Neg.*.-./.d2.d5./.d5.d6.d5.d5.d0.d1.d2.d4.d3.d3.d0.d2 +.-.d4./.d2.-.d3./.d4.d6.d5.d0.d4.d0.d0.d3.d5.d5.d5.d4.d6]"}
{"level":"info","time":"2024-07-24 15:51:46","message":"第71代最优基因组序号: 1, 得分: 3.146225, Exp: [-.-.Neg.*.-./.d2.d5./.d5.d6.d5.d5.d0.d1.d2.d4.d3.d3.d0.d2 +.-.d4./.d2.-.d3./.d4.d6.d5.d0.d4.d0.d0.d3.d5.d5.d5.d4.d6]"}
{"level":"info","time":"2024-07-24 15:52:29","message":"第72代最优基因组序号: 1, 得分: 3.146225, Exp: [-.-.Neg.*.-./.d2.d5./.d5.d6.d5.d5.d0.d1.d2.d4.d3.d3.d0.d2 +.-.d4./.d2.-.d3./.d4.d6.d5.d0.d4.d0.d0.d3.d5.d5.d5.d4.d6]"}
{"level":"info","time":"2024-07-24 15:53:08","message":"第73代最优基因组序号: 1, 得分: 3.146225, Exp: [-.-.Neg.*.-./.d2.d5./.d5.d6.d5.d5.d0.d1.d2.d4.d3.d3.d0.d2 +.-.d4./.d2.-.d3./.d4.d6.d5.d0.d4.d0.d0.d3.d5.d5.d5.d4.d6]"}
{"level":"info","time":"2024-07-24 15:53:45","message":"第74代最优基因组序号: 1, 得分: 3.146225, Exp: [-.-.Neg.*.-./.d2.d5./.d5.d6.d5.d5.d0.d1.d2.d4.d3.d3.d0.d2 +.-.d4./.d2.-.d3./.d4.d6.d5.d0.d4.d0.d0.d3.d5.d5.d5.d4.d6]"}
{"level":"info","time":"2024-07-24 15:54:27","message":"第75代最优基因组序号: 1, 得分: 3.146225, Exp: [-.-.Neg.*.-./.d2.d5./.d5.d6.d5.d5.d0.d1.d2.d4.d3.d3.d0.d2 +.-.d4./.d2.-.d3./.d4.d6.d5.d0.d4.d0.d0.d3.d5.d5.d5.d4.d6]"}
{"level":"info","time":"2024-07-24 15:55:08","message":"第76代最优基因组序号: 1, 得分: 3.146225, Exp: [-.-.Neg.*.-./.d2.d5./.d5.d6.d5.d5.d0.d1.d2.d4.d3.d3.d0.d2 +.-.d4./.d2.-.d3./.d4.d6.d5.d0.d4.d0.d0.d3.d5.d5.d5.d4.d6]"}
{"level":"info","time":"2024-07-24 15:55:48","message":"第77代最优基因组序号: 1, 得分: 3.146225, Exp: [-.-.Neg.*.-./.d2.d5./.d5.d6.d5.d5.d0.d1.d2.d4.d3.d3.d0.d2 +.-.d4./.d2.-.d3./.d4.d6.d5.d0.d4.d0.d0.d3.d5.d5.d5.d4.d6]"}
{"level":"info","time":"2024-07-24 15:56:27","message":"第78代最优基因组序号: 1, 得分: 3.146225, Exp: [-.-.Neg.*.-./.d2.d5./.d5.d6.d5.d5.d0.d1.d2.d4.d3.d3.d0.d2 +.-.d4./.d2.-.d3./.d4.d6.d5.d0.d4.d0.d0.d3.d5.d5.d5.d4.d6]"}
{"level":"info","time":"2024-07-24 15:57:04","message":"第79代最优基因组序号: 1, 得分: 3.146225, Exp: [-.-.Neg.*.-./.d2.d5./.d5.d6.d5.d5.d0.d1.d2.d4.d3.d3.d0.d2 +.-.d4./.d2.-.d3./.d4.d6.d5.d0.d4.d0.d0.d3.d5.d5.d5.d4.d6]"}
{"level":"info","time":"2024-07-24 15:57:41","message":"第80代最优基因组序号: 1, 得分: 3.146225, Exp: [-.-.Neg.*.-./.d2.d5./.d5.d6.d5.d5.d0.d1.d2.d4.d3.d3.d0.d2 +.-.d4./.d2.-.d3./.d4.d6.d5.d0.d4.d0.d0.d3.d5.d5.d5.d4.d6]"}
{"level":"info","time":"2024-07-24 15:58:16","message":"第81代最优基因组序号: 1, 得分: 3.146225, Exp: [-.-.Neg.*.-./.d2.d5./.d5.d6.d5.d5.d0.d1.d2.d4.d3.d3.d0.d2 +.-.d4./.d2.-.d3./.d4.d6.d5.d0.d4.d0.d0.d3.d5.d5.d5.d4.d6]"}
{"level":"info","time":"2024-07-24 15:58:51","message":"第82代最优基因组序号: 1, 得分: 3.146225, Exp: [-.-.Neg.*.-./.d2.d5./.d5.d6.d5.d5.d0.d1.d2.d4.d3.d3.d0.d2 +.-.d4./.d2.-.d3./.d4.d6.d5.d0.d4.d0.d0.d3.d5.d5.d5.d4.d6]"}
{"level":"info","time":"2024-07-24 15:59:32","message":"第83代最优基因组序号: 1, 得分: 3.146225, Exp: [-.-.Neg.*.-./.d2.d5./.d5.d6.d5.d5.d0.d1.d2.d4.d3.d3.d0.d2 +.-.d4./.d2.-.d3./.d4.d6.d5.d0.d4.d0.d0.d3.d5.d5.d5.d4.d6]"}
{"level":"info","time":"2024-07-24 16:00:09","message":"第84代最优基因组序号: 1, 得分: 3.146225, Exp: [-.-.Neg.*.-./.d2.d5./.d5.d6.d5.d5.d0.d1.d2.d4.d3.d3.d0.d2 +.-.d4./.d2.-.d3./.d4.d6.d5.d0.d4.d0.d0.d3.d5.d5.d5.d4.d6]"}
{"level":"info","time":"2024-07-24 16:00:44","message":"第85代最优基因组序号: 1, 得分: 3.146225, Exp: [-.-.Neg.*.-./.d2.d5./.d5.d6.d5.d5.d0.d1.d2.d4.d3.d3.d0.d2 +.-.d4./.d2.-.d3./.d4.d6.d5.d0.d4.d0.d0.d3.d5.d5.d5.d4.d6]"}
{"level":"info","time":"2024-07-24 16:01:21","message":"第86代最优基因组序号: 1, 得分: 3.146225, Exp: [-.-.Neg.*.-./.d2.d5./.d5.d6.d5.d5.d0.d1.d2.d4.d3.d3.d0.d2 +.-.d4./.d2.-.d3./.d4.d6.d5.d0.d4.d0.d0.d3.d5.d5.d5.d4.d6]"}
{"level":"info","time":"2024-07-24 16:01:58","message":"第87代最优基因组序号: 1, 得分: 3.146225, Exp: [-.-.Neg.*.-./.d2.d5./.d5.d6.d5.d5.d0.d1.d2.d4.d3.d3.d0.d2 +.-.d4./.d2.-.d3./.d4.d6.d5.d0.d4.d0.d0.d3.d5.d5.d5.d4.d6]"}
{"level":"info","time":"2024-07-24 16:02:35","message":"第88代最优基因组序号: 1, 得分: 3.146225, Exp: [-.-.Neg.*.-./.d2.d5./.d5.d6.d5.d5.d0.d1.d2.d4.d3.d3.d0.d2 +.-.d4./.d2.-.d3./.d4.d6.d5.d0.d4.d0.d0.d3.d5.d5.d5.d4.d6]"}
{"level":"info","time":"2024-07-24 16:03:13","message":"第89代最优基因组序号: 1, 得分: 3.146225, Exp: [-.-.Neg.*.-./.d2.d5./.d5.d6.d5.d5.d0.d1.d2.d4.d3.d3.d0.d2 +.-.d4./.d2.-.d3./.d4.d6.d5.d0.d4.d0.d0.d3.d5.d5.d5.d4.d6]"}
{"level":"info","time":"2024-07-24 16:03:51","message":"第90代最优基因组序号: 1, 得分: 3.146225, Exp: [-.-.Neg.*.-./.d2.d5./.d5.d6.d5.d5.d0.d1.d2.d4.d3.d3.d0.d2 +.-.d4./.d2.-.d3./.d4.d6.d5.d0.d4.d0.d0.d3.d5.d5.d5.d4.d6]"}
{"level":"info","time":"2024-07-24 16:04:28","message":"第91代最优基因组序号: 1, 得分: 3.146225, Exp: [-.-.Neg.*.-./.d2.d5./.d5.d6.d5.d5.d0.d1.d2.d4.d3.d3.d0.d2 +.-.d4./.d2.-.d3./.d4.d6.d5.d0.d4.d0.d0.d3.d5.d5.d5.d4.d6]"}
{"level":"info","time":"2024-07-24 16:05:02","message":"第92代最优基因组序号: 1, 得分: 3.146225, Exp: [-.-.Neg.*.-./.d2.d5./.d5.d6.d5.d5.d0.d1.d2.d4.d3.d3.d0.d2 +.-.d4./.d2.-.d3./.d4.d6.d5.d0.d4.d0.d0.d3.d5.d5.d5.d4.d6]"}
{"level":"info","time":"2024-07-24 16:05:42","message":"第93代最优基因组序号: 1, 得分: 3.146225, Exp: [-.-.Neg.*.-./.d2.d5./.d5.d6.d5.d5.d0.d1.d2.d4.d3.d3.d0.d2 +.-.d4./.d2.-.d3./.d4.d6.d5.d0.d4.d0.d0.d3.d5.d5.d5.d4.d6]"}
{"level":"info","time":"2024-07-24 16:06:19","message":"第94代最优基因组序号: 1, 得分: 3.146225, Exp: [-.-.Neg.*.-./.d2.d5./.d5.d6.d5.d5.d0.d1.d2.d4.d3.d3.d0.d2 +.-.d4./.d2.-.d3./.d4.d6.d5.d0.d4.d0.d0.d3.d5.d5.d5.d4.d6]"}
{"level":"info","time":"2024-07-24 16:06:55","message":"第95代最优基因组序号: 1, 得分: 3.146225, Exp: [-.-.Neg.*.-./.d2.d5./.d5.d6.d5.d5.d0.d1.d2.d4.d3.d3.d0.d2 +.-.d4./.d2.-.d3./.d4.d6.d5.d0.d4.d0.d0.d3.d5.d5.d5.d4.d6]"}
{"level":"info","time":"2024-07-24 16:07:33","message":"第96代最优基因组序号: 1, 得分: 3.146225, Exp: [-.-.Neg.*.-./.d2.d5./.d5.d6.d5.d5.d0.d1.d2.d4.d3.d3.d0.d2 +.-.d4./.d2.-.d3./.d4.d6.d5.d0.d4.d0.d0.d3.d5.d5.d5.d4.d6]"}
{"level":"info","time":"2024-07-24 16:08:09","message":"第97代最优基因组序号: 1, 得分: 3.146225, Exp: [-.-.Neg.*.-./.d2.d5./.d5.d6.d5.d5.d0.d1.d2.d4.d3.d3.d0.d2 +.-.d4./.d2.-.d3./.d4.d6.d5.d0.d4.d0.d0.d3.d5.d5.d5.d4.d6]"}
{"level":"info","time":"2024-07-24 16:08:47","message":"第98代最优基因组序号: 1, 得分: 3.146225, Exp: [-.-.Neg.*.-./.d2.d5./.d5.d6.d5.d5.d0.d1.d2.d4.d3.d3.d0.d2 +.-.d4./.d2.-.d3./.d4.d6.d5.d0.d4.d0.d0.d3.d5.d5.d5.d4.d6]"}
{"level":"info","time":"2024-07-24 16:09:20","message":"第99代最优基因组序号: 1, 得分: 3.146225, Exp: [-.-.Neg.*.-./.d2.d5./.d5.d6.d5.d5.d0.d1.d2.d4.d3.d3.d0.d2 +.-.d4./.d2.-.d3./.d4.d6.d5.d0.d4.d0.d0.d3.d5.d5.d5.d4.d6]"}
{"level":"info","time":"2024-07-24 16:09:56","message":"第100代最优基因组序号: 1, 得分: 3.146225, Exp: [-.-.Neg.*.-./.d2.d5./.d5.d6.d5.d5.d0.d1.d2.d4.d3.d3.d0.d2 +.-.d4./.d2.-.d3./.d4.d6.d5.d0.d4.d0.d0.d3.d5.d5.d5.d4.d6]"}
{"level":"info","time":"2024-07-24 16:10:31","message":"第101代最优基因组序号: 1, 得分: 3.146225, Exp: [-.-.Neg.*.-./.d2.d5./.d5.d6.d5.d5.d0.d1.d2.d4.d3.d3.d0.d2 +.-.d4./.d2.-.d3./.d4.d6.d5.d0.d4.d0.d0.d3.d5.d5.d5.d4.d6]"}
{"level":"info","time":"2024-07-24 16:11:06","message":"第102代最优基因组序号: 1, 得分: 3.146225, Exp: [-.-.Neg.*.-./.d2.d5./.d5.d6.d5.d5.d0.d1.d2.d4.d3.d3.d0.d2 +.-.d4./.d2.-.d3./.d4.d6.d5.d0.d4.d0.d0.d3.d5.d5.d5.d4.d6]"}
{"level":"info","time":"2024-07-24 16:11:39","message":"第103代最优基因组序号: 1, 得分: 3.146225, Exp: [-.-.Neg.*.-./.d2.d5./.d5.d6.d5.d5.d0.d1.d2.d4.d3.d3.d0.d2 +.-.d4./.d2.-.d3./.d4.d6.d5.d0.d4.d0.d0.d3.d5.d5.d5.d4.d6]"}
{"level":"info","time":"2024-07-24 16:12:14","message":"第104代最优基因组序号: 1, 得分: 3.146225, Exp: [-.-.Neg.*.-./.d2.d5./.d5.d6.d5.d5.d0.d1.d2.d4.d3.d3.d0.d2 +.-.d4./.d2.-.d3./.d4.d6.d5.d0.d4.d0.d0.d3.d5.d5.d5.d4.d6]"}
{"level":"info","time":"2024-07-24 16:12:51","message":"第105代最优基因组序号: 1, 得分: 3.146225, Exp: [-.-.Neg.*.-./.d2.d5./.d5.d6.d5.d5.d0.d1.d2.d4.d3.d3.d0.d2 +.-.d4./.d2.-.d3./.d4.d6.d5.d0.d4.d0.d0.d3.d5.d5.d5.d4.d6]"}
{"level":"info","time":"2024-07-24 16:13:26","message":"第106代最优基因组序号: 1, 得分: 3.146225, Exp: [-.-.Neg.*.-./.d2.d5./.d5.d6.d5.d5.d0.d1.d2.d4.d3.d3.d0.d2 +.-.d4./.d2.-.d3./.d4.d6.d5.d0.d4.d0.d0.d3.d5.d5.d5.d4.d6]"}
{"level":"info","time":"2024-07-24 16:14:03","message":"第107代最优基因组序号: 1, 得分: 3.146225, Exp: [-.-.Neg.*.-./.d2.d5./.d5.d6.d5.d5.d0.d1.d2.d4.d3.d3.d0.d2 +.-.d4./.d2.-.d3./.d4.d6.d5.d0.d4.d0.d0.d3.d5.d5.d5.d4.d6]"}
{"level":"info","time":"2024-07-24 16:14:41","message":"第108代最优基因组序号: 1, 得分: 3.146225, Exp: [-.-.Neg.*.-./.d2.d5./.d5.d6.d5.d5.d0.d1.d2.d4.d3.d3.d0.d2 +.-.d4./.d2.-.d3./.d4.d6.d5.d0.d4.d0.d0.d3.d5.d5.d5.d4.d6]"}
{"level":"info","time":"2024-07-24 16:15:15","message":"第109代最优基因组序号: 1, 得分: 3.146225, Exp: [-.-.Neg.*.-./.d2.d5./.d5.d6.d5.d5.d0.d1.d2.d4.d3.d3.d0.d2 +.-.d4./.d2.-.d3./.d4.d6.d5.d0.d4.d0.d0.d3.d5.d5.d5.d4.d6]"}
{"level":"info","time":"2024-07-24 16:15:50","message":"第110代最优基因组序号: 1, 得分: 3.146225, Exp: [-.-.Neg.*.-./.d2.d5./.d5.d6.d5.d5.d0.d1.d2.d4.d3.d3.d0.d2 +.-.d4./.d2.-.d3./.d4.d6.d5.d0.d4.d0.d0.d3.d5.d5.d5.d4.d6]"}
{"level":"info","time":"2024-07-24 16:16:25","message":"第111代最优基因组序号: 1, 得分: 3.146225, Exp: [-.-.Neg.*.-./.d2.d5./.d5.d6.d5.d5.d0.d1.d2.d4.d3.d3.d0.d2 +.-.d4./.d2.-.d3./.d4.d6.d5.d0.d4.d0.d0.d3.d5.d5.d5.d4.d6]"}
{"level":"info","time":"2024-07-24 16:16:59","message":"第112代最优基因组序号: 1, 得分: 3.146225, Exp: [-.-.Neg.*.-./.d2.d5./.d5.d6.d5.d5.d0.d1.d2.d4.d3.d3.d0.d2 +.-.d4./.d2.-.d3./.d4.d6.d5.d0.d4.d0.d0.d3.d5.d5.d5.d4.d6]"}
{"level":"info","time":"2024-07-24 16:17:34","message":"第113代最优基因组序号: 1, 得分: 3.146225, Exp: [-.-.Neg.*.-./.d2.d5./.d5.d6.d5.d5.d0.d1.d2.d4.d3.d3.d0.d2 +.-.d4./.d2.-.d3./.d4.d6.d5.d0.d4.d0.d0.d3.d5.d5.d5.d4.d6]"}
