{"level":"debug","time":"2024-06-27 12:35:40","message":"启动运行模式: train"}
{"level":"debug","time":"2024-06-27 12:35:40","message":"启动运行id: 20240627-123540-310"}
{"level":"debug","time":"2024-06-27 12:35:40","message":"启动运行路径: ./EX-DMT-dir"}
{"level":"info","time":"2024-06-27 12:36:33","message":"第0代最优基因组序号: 49, 得分: 1.220470, Exp: [d4.Neg.Neg.d4.d4.d1.d0 Neg.-.d6.d1.d1.d6.d4]"}
{"level":"info","time":"2024-06-27 12:37:14","message":"第1代最优基因组序号: 1, 得分: 1.220470, Exp: [d4.Neg.Neg.d4.d4.d1.d0 Neg.-.d6.d1.d1.d6.d4]"}
{"level":"info","time":"2024-06-27 12:38:00","message":"第2代最优基因组序号: 8, 得分: 1.222120, Exp: [*.d1.-.d2.d4.d4.d7 d7.d0.d4.d0.d0.d5.d2]"}
{"level":"info","time":"2024-06-27 12:38:40","message":"第3代最优基因组序号: 1, 得分: 1.222120, Exp: [*.d1.-.d2.d4.d4.d7 d7.d0.d4.d0.d0.d5.d2]"}
{"level":"info","time":"2024-06-27 12:39:23","message":"第4代最优基因组序号: 1, 得分: 1.222120, Exp: [*.d1.-.d2.d4.d4.d7 d7.d0.d4.d0.d0.d5.d2]"}
{"level":"info","time":"2024-06-27 12:40:17","message":"第5代最优基因组序号: 1, 得分: 1.222120, Exp: [*.d1.-.d2.d4.d4.d7 d7.d0.d4.d0.d0.d5.d2]"}
{"level":"info","time":"2024-06-27 12:40:53","message":"第6代最优基因组序号: 1, 得分: 1.222120, Exp: [*.d1.-.d2.d4.d4.d7 d7.d0.d4.d0.d0.d5.d2]"}
{"level":"info","time":"2024-06-27 12:41:32","message":"第7代最优基因组序号: 1, 得分: 1.222120, Exp: [*.d1.-.d2.d4.d4.d7 d7.d0.d4.d0.d0.d5.d2]"}
{"level":"info","time":"2024-06-27 12:42:06","message":"第8代最优基因组序号: 1, 得分: 1.222120, Exp: [*.d1.-.d2.d4.d4.d7 d7.d0.d4.d0.d0.d5.d2]"}
{"level":"info","time":"2024-06-27 12:42:38","message":"第9代最优基因组序号: 1, 得分: 1.222120, Exp: [*.d1.-.d2.d4.d4.d7 d7.d0.d4.d0.d0.d5.d2]"}
{"level":"info","time":"2024-06-27 12:43:08","message":"第10代最优基因组序号: 1, 得分: 1.222120, Exp: [*.d1.-.d2.d4.d4.d7 d7.d0.d4.d0.d0.d5.d2]"}
{"level":"info","time":"2024-06-27 12:43:42","message":"第11代最优基因组序号: 1, 得分: 1.222120, Exp: [*.d1.-.d2.d4.d4.d7 d7.d0.d4.d0.d0.d5.d2]"}
{"level":"info","time":"2024-06-27 12:44:13","message":"第12代最优基因组序号: 1, 得分: 1.222120, Exp: [*.d1.-.d2.d4.d4.d7 d7.d0.d4.d0.d0.d5.d2]"}
{"level":"info","time":"2024-06-27 12:44:42","message":"第13代最优基因组序号: 1, 得分: 1.222120, Exp: [*.d1.-.d2.d4.d4.d7 d7.d0.d4.d0.d0.d5.d2]"}
{"level":"info","time":"2024-06-27 12:45:17","message":"第14代最优基因组序号: 1, 得分: 1.222120, Exp: [*.d1.-.d2.d4.d4.d7 d7.d0.d4.d0.d0.d5.d2]"}
{"level":"info","time":"2024-06-27 12:45:58","message":"第15代最优基因组序号: 1, 得分: 1.222120, Exp: [*.d1.-.d2.d4.d4.d7 d7.d0.d4.d0.d0.d5.d2]"}
{"level":"info","time":"2024-06-27 12:46:34","message":"第16代最优基因组序号: 1, 得分: 1.222120, Exp: [*.d1.-.d2.d4.d4.d7 d7.d0.d4.d0.d0.d5.d2]"}
{"level":"info","time":"2024-06-27 12:47:10","message":"第17代最优基因组序号: 1, 得分: 1.222120, Exp: [*.d1.-.d2.d4.d4.d7 d7.d0.d4.d0.d0.d5.d2]"}
{"level":"info","time":"2024-06-27 12:47:43","message":"第18代最优基因组序号: 1, 得分: 1.222120, Exp: [*.d1.-.d2.d4.d4.d7 d7.d0.d4.d0.d0.d5.d2]"}
{"level":"info","time":"2024-06-27 12:48:19","message":"第19代最优基因组序号: 1, 得分: 1.222120, Exp: [*.d1.-.d2.d4.d4.d7 d7.d0.d4.d0.d0.d5.d2]"}
{"level":"info","time":"2024-06-27 12:48:57","message":"第20代最优基因组序号: 1, 得分: 1.222120, Exp: [*.d1.-.d2.d4.d4.d7 d7.d0.d4.d0.d0.d5.d2]"}
{"level":"info","time":"2024-06-27 12:49:32","message":"第21代最优基因组序号: 1, 得分: 1.222120, Exp: [*.d1.-.d2.d4.d4.d7 d7.d0.d4.d0.d0.d5.d2]"}
{"level":"info","time":"2024-06-27 12:50:03","message":"第22代最优基因组序号: 40, 得分: 1.232182, Exp: [*.-.Neg.d6.d0.d7.d3 -.d0.Neg.d7.d6.d0.d3]"}
{"level":"info","time":"2024-06-27 12:50:42","message":"第23代最优基因组序号: 1, 得分: 1.232182, Exp: [*.-.Neg.d6.d0.d7.d3 -.d0.Neg.d7.d6.d0.d3]"}
{"level":"info","time":"2024-06-27 12:51:15","message":"第24代最优基因组序号: 1, 得分: 1.232182, Exp: [*.-.Neg.d6.d0.d7.d3 -.d0.Neg.d7.d6.d0.d3]"}
{"level":"info","time":"2024-06-27 12:51:46","message":"第25代最优基因组序号: 1, 得分: 1.232182, Exp: [*.-.Neg.d6.d0.d7.d3 -.d0.Neg.d7.d6.d0.d3]"}
{"level":"info","time":"2024-06-27 12:52:23","message":"第26代最优基因组序号: 1, 得分: 1.232182, Exp: [*.-.Neg.d6.d0.d7.d3 -.d0.Neg.d7.d6.d0.d3]"}
{"level":"info","time":"2024-06-27 12:52:56","message":"第27代最优基因组序号: 1, 得分: 1.232182, Exp: [*.-.Neg.d6.d0.d7.d3 -.d0.Neg.d7.d6.d0.d3]"}
{"level":"info","time":"2024-06-27 12:53:31","message":"第28代最优基因组序号: 1, 得分: 1.232182, Exp: [*.-.Neg.d6.d0.d7.d3 -.d0.Neg.d7.d6.d0.d3]"}
{"level":"info","time":"2024-06-27 12:54:03","message":"第29代最优基因组序号: 1, 得分: 1.232182, Exp: [*.-.Neg.d6.d0.d7.d3 -.d0.Neg.d7.d6.d0.d3]"}
{"level":"info","time":"2024-06-27 12:54:31","message":"第30代最优基因组序号: 1, 得分: 1.232182, Exp: [*.-.Neg.d6.d0.d7.d3 -.d0.Neg.d7.d6.d0.d3]"}
