{"level":"debug","time":"2024-04-23 09:53:16","message":"启动运行模式: train"}
{"level":"debug","time":"2024-04-23 09:53:16","message":"启动运行id: 20240423-095316-586"}
{"level":"debug","time":"2024-04-23 09:53:16","message":"启动运行路径: ./EX-CZM-dir"}
{"level":"info","time":"2024-04-23 09:53:22","message":"第0代最优基因组序号: 2, 得分: 0.027386, Exp: [-.+.d0.Neg.*.d0.d3.d0.d0.d6.d3 +.*.d3.d6.d2.d2.d7.d3.d6.d2.d5]"}
{"level":"info","time":"2024-04-23 09:53:29","message":"第1代最优基因组序号: 1, 得分: 0.027386, Exp: [-.+.d0.Neg.*.d0.d3.d0.d0.d6.d3 +.*.d3.d6.d2.d2.d7.d3.d6.d2.d5]"}
{"level":"info","time":"2024-04-23 09:53:35","message":"第2代最优基因组序号: 16, 得分: 0.027388, Exp: [*.*.d2.d4.d5.d0.d2.d8.d8.d2.d5 -.*.Neg.d6.d7.d1.d9.d6.d2.d8.d5]"}
{"level":"info","time":"2024-04-23 09:53:41","message":"第3代最优基因组序号: 1, 得分: 0.027388, Exp: [*.*.d2.d4.d5.d0.d2.d8.d8.d2.d5 -.*.Neg.d6.d7.d1.d9.d6.d2.d8.d5]"}
{"level":"info","time":"2024-04-23 09:53:47","message":"第4代最优基因组序号: 1, 得分: 0.027388, Exp: [*.*.d2.d4.d5.d0.d2.d8.d8.d2.d5 -.*.Neg.d6.d7.d1.d9.d6.d2.d8.d5]"}
{"level":"info","time":"2024-04-23 09:53:54","message":"第5代最优基因组序号: 1, 得分: 0.027388, Exp: [*.*.d2.d4.d5.d0.d2.d8.d8.d2.d5 -.*.Neg.d6.d7.d1.d9.d6.d2.d8.d5]"}
{"level":"info","time":"2024-04-23 09:54:01","message":"第6代最优基因组序号: 1, 得分: 0.027388, Exp: [*.*.d2.d4.d5.d0.d2.d8.d8.d2.d5 -.*.Neg.d6.d7.d1.d9.d6.d2.d8.d5]"}
{"level":"info","time":"2024-04-23 09:54:08","message":"第7代最优基因组序号: 1, 得分: 0.027388, Exp: [*.*.d2.d4.d5.d0.d2.d8.d8.d2.d5 -.*.Neg.d6.d7.d1.d9.d6.d2.d8.d5]"}
{"level":"info","time":"2024-04-23 09:54:14","message":"第8代最优基因组序号: 1, 得分: 0.027388, Exp: [*.*.d2.d4.d5.d0.d2.d8.d8.d2.d5 -.*.Neg.d6.d7.d1.d9.d6.d2.d8.d5]"}
{"level":"info","time":"2024-04-23 09:54:20","message":"第9代最优基因组序号: 1, 得分: 0.027388, Exp: [*.*.d2.d4.d5.d0.d2.d8.d8.d2.d5 -.*.Neg.d6.d7.d1.d9.d6.d2.d8.d5]"}
{"level":"info","time":"2024-04-23 09:54:26","message":"第10代最优基因组序号: 1, 得分: 0.027388, Exp: [*.*.d2.d4.d5.d0.d2.d8.d8.d2.d5 -.*.Neg.d6.d7.d1.d9.d6.d2.d8.d5]"}
{"level":"info","time":"2024-04-23 09:54:32","message":"第11代最优基因组序号: 1, 得分: 0.027388, Exp: [*.*.d2.d4.d5.d0.d2.d8.d8.d2.d5 -.*.Neg.d6.d7.d1.d9.d6.d2.d8.d5]"}
{"level":"info","time":"2024-04-23 09:54:38","message":"第12代最优基因组序号: 1, 得分: 0.027388, Exp: [*.*.d2.d4.d5.d0.d2.d8.d8.d2.d5 -.*.Neg.d6.d7.d1.d9.d6.d2.d8.d5]"}
{"level":"info","time":"2024-04-23 09:54:45","message":"第13代最优基因组序号: 1, 得分: 0.027388, Exp: [*.*.d2.d4.d5.d0.d2.d8.d8.d2.d5 -.*.Neg.d6.d7.d1.d9.d6.d2.d8.d5]"}
{"level":"info","time":"2024-04-23 09:54:53","message":"第14代最优基因组序号: 1, 得分: 0.027388, Exp: [*.*.d2.d4.d5.d0.d2.d8.d8.d2.d5 -.*.Neg.d6.d7.d1.d9.d6.d2.d8.d5]"}
{"level":"info","time":"2024-04-23 09:54:59","message":"第15代最优基因组序号: 1, 得分: 0.027388, Exp: [*.*.d2.d4.d5.d0.d2.d8.d8.d2.d5 -.*.Neg.d6.d7.d1.d9.d6.d2.d8.d5]"}
{"level":"info","time":"2024-04-23 09:55:06","message":"第16代最优基因组序号: 1, 得分: 0.027388, Exp: [*.*.d2.d4.d5.d0.d2.d8.d8.d2.d5 -.*.Neg.d6.d7.d1.d9.d6.d2.d8.d5]"}
{"level":"info","time":"2024-04-23 09:55:13","message":"第17代最优基因组序号: 1, 得分: 0.027388, Exp: [*.*.d2.d4.d5.d0.d2.d8.d8.d2.d5 -.*.Neg.d6.d7.d1.d9.d6.d2.d8.d5]"}
{"level":"info","time":"2024-04-23 09:55:20","message":"第18代最优基因组序号: 1, 得分: 0.027388, Exp: [*.*.d2.d4.d5.d0.d2.d8.d8.d2.d5 -.*.Neg.d6.d7.d1.d9.d6.d2.d8.d5]"}
{"level":"info","time":"2024-04-23 09:55:26","message":"第19代最优基因组序号: 1, 得分: 0.027388, Exp: [*.*.d2.d4.d5.d0.d2.d8.d8.d2.d5 -.*.Neg.d6.d7.d1.d9.d6.d2.d8.d5]"}
{"level":"info","time":"2024-04-23 09:55:34","message":"第20代最优基因组序号: 1, 得分: 0.027388, Exp: [*.*.d2.d4.d5.d0.d2.d8.d8.d2.d5 -.*.Neg.d6.d7.d1.d9.d6.d2.d8.d5]"}
{"level":"info","time":"2024-04-23 09:55:40","message":"第21代最优基因组序号: 1, 得分: 0.027388, Exp: [*.*.d2.d4.d5.d0.d2.d8.d8.d2.d5 -.*.Neg.d6.d7.d1.d9.d6.d2.d8.d5]"}
{"level":"info","time":"2024-04-23 09:55:49","message":"第22代最优基因组序号: 1, 得分: 0.027388, Exp: [*.*.d2.d4.d5.d0.d2.d8.d8.d2.d5 -.*.Neg.d6.d7.d1.d9.d6.d2.d8.d5]"}
{"level":"info","time":"2024-04-23 09:55:55","message":"第23代最优基因组序号: 1, 得分: 0.027388, Exp: [*.*.d2.d4.d5.d0.d2.d8.d8.d2.d5 -.*.Neg.d6.d7.d1.d9.d6.d2.d8.d5]"}
{"level":"info","time":"2024-04-23 09:56:02","message":"第24代最优基因组序号: 1, 得分: 0.027388, Exp: [*.*.d2.d4.d5.d0.d2.d8.d8.d2.d5 -.*.Neg.d6.d7.d1.d9.d6.d2.d8.d5]"}
{"level":"info","time":"2024-04-23 09:56:08","message":"第25代最优基因组序号: 1, 得分: 0.027388, Exp: [*.*.d2.d4.d5.d0.d2.d8.d8.d2.d5 -.*.Neg.d6.d7.d1.d9.d6.d2.d8.d5]"}
{"level":"info","time":"2024-04-23 09:56:14","message":"第26代最优基因组序号: 1, 得分: 0.027388, Exp: [*.*.d2.d4.d5.d0.d2.d8.d8.d2.d5 -.*.Neg.d6.d7.d1.d9.d6.d2.d8.d5]"}
{"level":"info","time":"2024-04-23 09:56:20","message":"第27代最优基因组序号: 1, 得分: 0.027388, Exp: [*.*.d2.d4.d5.d0.d2.d8.d8.d2.d5 -.*.Neg.d6.d7.d1.d9.d6.d2.d8.d5]"}
{"level":"info","time":"2024-04-23 09:56:26","message":"第28代最优基因组序号: 1, 得分: 0.027388, Exp: [*.*.d2.d4.d5.d0.d2.d8.d8.d2.d5 -.*.Neg.d6.d7.d1.d9.d6.d2.d8.d5]"}
{"level":"info","time":"2024-04-23 09:56:32","message":"第29代最优基因组序号: 1, 得分: 0.027388, Exp: [*.*.d2.d4.d5.d0.d2.d8.d8.d2.d5 -.*.Neg.d6.d7.d1.d9.d6.d2.d8.d5]"}
{"level":"info","time":"2024-04-23 09:56:38","message":"第30代最优基因组序号: 1, 得分: 0.027388, Exp: [*.*.d2.d4.d5.d0.d2.d8.d8.d2.d5 -.*.Neg.d6.d7.d1.d9.d6.d2.d8.d5]"}
{"level":"info","time":"2024-04-23 09:56:44","message":"第31代最优基因组序号: 1, 得分: 0.027388, Exp: [*.*.d2.d4.d5.d0.d2.d8.d8.d2.d5 -.*.Neg.d6.d7.d1.d9.d6.d2.d8.d5]"}
{"level":"info","time":"2024-04-23 09:56:51","message":"第32代最优基因组序号: 1, 得分: 0.027388, Exp: [*.*.d2.d4.d5.d0.d2.d8.d8.d2.d5 -.*.Neg.d6.d7.d1.d9.d6.d2.d8.d5]"}
{"level":"info","time":"2024-04-23 09:56:57","message":"第33代最优基因组序号: 1, 得分: 0.027388, Exp: [*.*.d2.d4.d5.d0.d2.d8.d8.d2.d5 -.*.Neg.d6.d7.d1.d9.d6.d2.d8.d5]"}
{"level":"info","time":"2024-04-23 09:57:03","message":"第34代最优基因组序号: 1, 得分: 0.027388, Exp: [*.*.d2.d4.d5.d0.d2.d8.d8.d2.d5 -.*.Neg.d6.d7.d1.d9.d6.d2.d8.d5]"}
{"level":"info","time":"2024-04-23 09:57:09","message":"第35代最优基因组序号: 1, 得分: 0.027388, Exp: [*.*.d2.d4.d5.d0.d2.d8.d8.d2.d5 -.*.Neg.d6.d7.d1.d9.d6.d2.d8.d5]"}
{"level":"info","time":"2024-04-23 09:57:17","message":"第36代最优基因组序号: 1, 得分: 0.027388, Exp: [*.*.d2.d4.d5.d0.d2.d8.d8.d2.d5 -.*.Neg.d6.d7.d1.d9.d6.d2.d8.d5]"}
{"level":"info","time":"2024-04-23 09:57:24","message":"第37代最优基因组序号: 1, 得分: 0.027388, Exp: [*.*.d2.d4.d5.d0.d2.d8.d8.d2.d5 -.*.Neg.d6.d7.d1.d9.d6.d2.d8.d5]"}
{"level":"info","time":"2024-04-23 09:57:30","message":"第38代最优基因组序号: 4, 得分: 0.027388, Exp: [*.*.d2.d2.*.d2.d2.d8.d2.d8.d5 -.Neg.Neg.d2.d6.d0.d9.d6.d2.d8.d5]"}
{"level":"info","time":"2024-04-23 09:57:36","message":"第39代最优基因组序号: 1, 得分: 0.027388, Exp: [*.*.d2.d2.*.d2.d2.d8.d2.d8.d5 -.Neg.Neg.d2.d6.d0.d9.d6.d2.d8.d5]"}
{"level":"info","time":"2024-04-23 09:57:42","message":"第40代最优基因组序号: 1, 得分: 0.027388, Exp: [*.*.d2.d2.*.d2.d2.d8.d2.d8.d5 -.Neg.Neg.d2.d6.d0.d9.d6.d2.d8.d5]"}
{"level":"info","time":"2024-04-23 09:57:51","message":"第41代最优基因组序号: 1, 得分: 0.027388, Exp: [*.*.d2.d2.*.d2.d2.d8.d2.d8.d5 -.Neg.Neg.d2.d6.d0.d9.d6.d2.d8.d5]"}
{"level":"info","time":"2024-04-23 09:57:59","message":"第42代最优基因组序号: 1, 得分: 0.027388, Exp: [*.*.d2.d2.*.d2.d2.d8.d2.d8.d5 -.Neg.Neg.d2.d6.d0.d9.d6.d2.d8.d5]"}
{"level":"info","time":"2024-04-23 09:58:06","message":"第43代最优基因组序号: 1, 得分: 0.027388, Exp: [*.*.d2.d2.*.d2.d2.d8.d2.d8.d5 -.Neg.Neg.d2.d6.d0.d9.d6.d2.d8.d5]"}
{"level":"info","time":"2024-04-23 09:58:13","message":"第44代最优基因组序号: 1, 得分: 0.027388, Exp: [*.*.d2.d2.*.d2.d2.d8.d2.d8.d5 -.Neg.Neg.d2.d6.d0.d9.d6.d2.d8.d5]"}
{"level":"info","time":"2024-04-23 09:58:20","message":"第45代最优基因组序号: 1, 得分: 0.027388, Exp: [*.*.d2.d2.*.d2.d2.d8.d2.d8.d5 -.Neg.Neg.d2.d6.d0.d9.d6.d2.d8.d5]"}
{"level":"info","time":"2024-04-23 09:58:27","message":"第46代最优基因组序号: 1, 得分: 0.027388, Exp: [*.*.d2.d2.*.d2.d2.d8.d2.d8.d5 -.Neg.Neg.d2.d6.d0.d9.d6.d2.d8.d5]"}
{"level":"info","time":"2024-04-23 09:58:33","message":"第47代最优基因组序号: 1, 得分: 0.027388, Exp: [*.*.d2.d2.*.d2.d2.d8.d2.d8.d5 -.Neg.Neg.d2.d6.d0.d9.d6.d2.d8.d5]"}
{"level":"info","time":"2024-04-23 09:58:40","message":"第48代最优基因组序号: 1, 得分: 0.027388, Exp: [*.*.d2.d2.*.d2.d2.d8.d2.d8.d5 -.Neg.Neg.d2.d6.d0.d9.d6.d2.d8.d5]"}
{"level":"info","time":"2024-04-23 09:58:47","message":"第49代最优基因组序号: 1, 得分: 0.027388, Exp: [*.*.d2.d2.*.d2.d2.d8.d2.d8.d5 -.Neg.Neg.d2.d6.d0.d9.d6.d2.d8.d5]"}
{"level":"info","time":"2024-04-23 09:58:57","message":"第50代最优基因组序号: 1, 得分: 0.027388, Exp: [*.*.d2.d2.*.d2.d2.d8.d2.d8.d5 -.Neg.Neg.d2.d6.d0.d9.d6.d2.d8.d5]"}
